.
├── Docs
│   ├── famitracker_export_data.json
│   └── famitracker_export_data.txt
├── LICENSE
├── README.md
├── Scripts
│   ├── create_validation_json.py
│   ├── famitracker_export_data.json
│   └── reader_make_dispatch_table.py
├── Source
│   ├── dpcm.py
│   ├── echo_buffer.py
│   ├── exporter.py
│   ├── groove.py
│   ├── instrument.py
│   ├── keydpcm.py
│   ├── macro.py
│   ├── main.py
│   ├── parser.py
│   ├── printable.py
│   ├── project.py
│   ├── reader.py
│   ├── singleton.py
│   ├── todo.txt
│   └── track.py
├── Submodules
│   └── lib_midi_writer_py
│       ├── drum_mapping.py
│       ├── __init__.py
│       ├── LICENSE
│       ├── midi_test.py
│       ├── midi_writer.py
│       ├── program_mapping.py
│       └── README.md
└── tree.out

6 directories, 30 files
